<?xml version="1.0" encoding="UTF-8"?>
<testsuite name="Utest" tests="1" skipped="0" failures="1" errors="0" timestamp="2022-04-01T20:47:55" hostname="manuel" time="27.453">
  <properties/>
  <testcase name="Register a new user" classname="Utest" time="27.453">
    <failure message="org.openqa.selenium.ElementNotInteractableException: element not interactable&#10;  (Session info: chrome=100.0.4896.60)&#10;Build info: version: '3.141.59', revision: 'e82be7d358', time: '2018-11-14T08:17:03'&#10;System info: host: 'manuel', ip: '127.0.1.1', os.name: 'Linux', os.arch: 'amd64', os.version: '5.13.0-39-generic', java.version: '11.0.14.1'&#10;Driver info: org.openqa.selenium.chrome.ChromeDriver&#10;Capabilities {acceptInsecureCerts: false, browserName: chrome, browserVersion: 100.0.4896.60, chrome: {chromedriverVersion: 99.0.4844.51 (d537ec02474b5..., userDataDir: /tmp/.com.google.Chrome.S26TzP}, goog:chromeOptions: {debuggerAddress: localhost:34303}, javascriptEnabled: true, networkConnectionEnabled: false, pageLoadStrategy: normal, platform: LINUX, platformName: LINUX, proxy: Proxy(), setWindowRect: true, strictFileInteractability: false, timeouts: {implicit: 0, pageLoad: 300000, script: 30000}, unhandledPromptBehavior: dismiss and notify, webauthn:extension:credBlob: true, webauthn:extension:largeBlob: true, webauthn:virtualAuthenticators: true}&#10;Session ID: 6859afe37729c5959a5478cb7f33f03d" type="org.openqa.selenium.ElementNotInteractableException">org.openqa.selenium.ElementNotInteractableException: element not interactable
  (Session info: chrome=100.0.4896.60)
Build info: version: '3.141.59', revision: 'e82be7d358', time: '2018-11-14T08:17:03'
System info: host: 'manuel', ip: '127.0.1.1', os.name: 'Linux', os.arch: 'amd64', os.version: '5.13.0-39-generic', java.version: '11.0.14.1'
Driver info: org.openqa.selenium.chrome.ChromeDriver
Capabilities {acceptInsecureCerts: false, browserName: chrome, browserVersion: 100.0.4896.60, chrome: {chromedriverVersion: 99.0.4844.51 (d537ec02474b5..., userDataDir: /tmp/.com.google.Chrome.S26TzP}, goog:chromeOptions: {debuggerAddress: localhost:34303}, javascriptEnabled: true, networkConnectionEnabled: false, pageLoadStrategy: normal, platform: LINUX, platformName: LINUX, proxy: Proxy(), setWindowRect: true, strictFileInteractability: false, timeouts: {implicit: 0, pageLoad: 300000, script: 30000}, unhandledPromptBehavior: dismiss and notify, webauthn:extension:credBlob: true, webauthn:extension:largeBlob: true, webauthn:virtualAuthenticators: true}
Session ID: 6859afe37729c5959a5478cb7f33f03d
	at java.base/jdk.internal.reflect.NativeConstructorAccessorImpl.newInstance0(Native Method)
	at java.base/jdk.internal.reflect.NativeConstructorAccessorImpl.newInstance(NativeConstructorAccessorImpl.java:62)
	at java.base/jdk.internal.reflect.DelegatingConstructorAccessorImpl.newInstance(DelegatingConstructorAccessorImpl.java:45)
	at java.base/java.lang.reflect.Constructor.newInstance(Constructor.java:490)
	at org.openqa.selenium.remote.http.W3CHttpResponseCodec.createException(W3CHttpResponseCodec.java:187)
	at org.openqa.selenium.remote.http.W3CHttpResponseCodec.decode(W3CHttpResponseCodec.java:122)
	at org.openqa.selenium.remote.http.W3CHttpResponseCodec.decode(W3CHttpResponseCodec.java:49)
	at org.openqa.selenium.remote.HttpCommandExecutor.execute(HttpCommandExecutor.java:158)
	at org.openqa.selenium.remote.service.DriverCommandExecutor.execute(DriverCommandExecutor.java:83)
	at org.openqa.selenium.remote.RemoteWebDriver.execute(RemoteWebDriver.java:552)
	at org.openqa.selenium.remote.RemoteWebElement.execute(RemoteWebElement.java:285)
	at org.openqa.selenium.remote.RemoteWebElement.click(RemoteWebElement.java:84)
	at net.serenitybdd.core.pages.WebElementFacadeImpl.click(WebElementFacadeImpl.java:1231)
	at net.serenitybdd.screenplay.actions.ClickOnTarget.performAs(ClickOnTarget.java:13)
	at net.serenitybdd.screenplay.actions.ClickOnTarget$ByteBuddy$40gZMHAx.performAs$accessor$3i60kcxM(Unknown Source)
	at java.base/jdk.internal.reflect.NativeMethodAccessorImpl.invoke0(Native Method)
	at java.base/jdk.internal.reflect.NativeMethodAccessorImpl.invoke(NativeMethodAccessorImpl.java:62)
	at java.base/jdk.internal.reflect.DelegatingMethodAccessorImpl.invoke(DelegatingMethodAccessorImpl.java:43)
	at java.base/java.lang.reflect.Method.invoke(Method.java:566)
	at net.thucydides.core.steps.StepInterceptor.invokeMethod(StepInterceptor.java:471)
	at net.thucydides.core.steps.StepInterceptor.executeTestStepMethod(StepInterceptor.java:451)
	at net.thucydides.core.steps.StepInterceptor.runTestStep(StepInterceptor.java:424)
	at net.thucydides.core.steps.StepInterceptor.runOrSkipMethod(StepInterceptor.java:180)
	at net.thucydides.core.steps.StepInterceptor.testStepResult(StepInterceptor.java:167)
	at net.thucydides.core.steps.StepInterceptor.intercept(StepInterceptor.java:75)
	at net.serenitybdd.screenplay.actions.ClickOnTarget$ByteBuddy$40gZMHAx.performAs(Unknown Source)
	at net.serenitybdd.screenplay.Actor.performTask(Actor.java:233)
	at net.serenitybdd.screenplay.Actor.perform(Actor.java:214)
	at net.serenitybdd.screenplay.Actor.attemptsTo(Actor.java:171)
	at co.com.choucair.certification.utest.tasks.Register.performAs(Register.java:36)
	at co.com.choucair.certification.utest.tasks.Register$ByteBuddy$FGPS4xX9.performAs$accessor$T6yP5pa9(Unknown Source)
	at java.base/jdk.internal.reflect.NativeMethodAccessorImpl.invoke0(Native Method)
	at java.base/jdk.internal.reflect.NativeMethodAccessorImpl.invoke(NativeMethodAccessorImpl.java:62)
	at java.base/jdk.internal.reflect.DelegatingMethodAccessorImpl.invoke(DelegatingMethodAccessorImpl.java:43)
	at java.base/java.lang.reflect.Method.invoke(Method.java:566)
	at net.thucydides.core.steps.StepInterceptor.invokeMethod(StepInterceptor.java:471)
	at net.thucydides.core.steps.StepInterceptor.executeTestStepMethod(StepInterceptor.java:451)
	at net.thucydides.core.steps.StepInterceptor.runTestStep(StepInterceptor.java:424)
	at net.thucydides.core.steps.StepInterceptor.runOrSkipMethod(StepInterceptor.java:180)
	at net.thucydides.core.steps.StepInterceptor.testStepResult(StepInterceptor.java:167)
	at net.thucydides.core.steps.StepInterceptor.intercept(StepInterceptor.java:75)
	at co.com.choucair.certification.utest.tasks.Register$ByteBuddy$FGPS4xX9.performAs(Unknown Source)
	at net.serenitybdd.screenplay.Actor.performTask(Actor.java:233)
	at net.serenitybdd.screenplay.Actor.perform(Actor.java:214)
	at net.serenitybdd.screenplay.Actor.attemptsTo(Actor.java:171)
	at net.serenitybdd.screenplay.Actor.wasAbleTo(Actor.java:158)
	at co.com.choucair.certification.utest.stepdefinitions.UtestStepDefinitions.setDataInFields(UtestStepDefinitions.java:45)
	at ✽.set data in fields(src/test/resources/features/utest.feature:16)
</failure>
  </testcase>
  <system-out><![CDATA[]]></system-out>
  <system-err><![CDATA[[Test worker] WARN net.thucydides.core.steps.BaseStepListener - stepStarted: net.thucydides.core.steps.ExecutedStepDescription@7823fbe0
[Test worker] WARN net.thucydides.core.steps.BaseStepListener - stepStarted: net.thucydides.core.steps.ExecutedStepDescription@56b73bef
[Test worker] WARN net.thucydides.core.steps.BaseStepListener - stepStarted: net.thucydides.core.steps.ExecutedStepDescription@85c83fd
abr 01, 2022 3:47:56 P. M. org.openqa.selenium.remote.DesiredCapabilities chrome
INFORMACIÓN: Using `new ChromeOptions()` is preferred to `DesiredCapabilities.chrome()`
[Test worker] INFO net.serenitybdd.core.webdriver.driverproviders.ProvideNewDriver - Instantiating driver
[Test worker] INFO net.serenitybdd.core.webdriver.driverproviders.ProvideNewDriver - Driver capabilities: Capabilities {acceptInsecureCerts: false, browserName: chrome, chrome.switches: --start-maximized, goog:chromeOptions: {args: [--start-maximized], extensions: []}, loggingPrefs: org.openqa.selenium.logging..., platform: ANY, version: }
Starting ChromeDriver 99.0.4844.51 (d537ec02474b5afe23684e7963d538896c63ac77-refs/branch-heads/4844@{#875}) on port 8381
Only local connections are allowed.
Please see https://chromedriver.chromium.org/security-considerations for suggestions on keeping ChromeDriver safe.
ChromeDriver was started successfully.
[1648846077,603][WARNING]: This version of ChromeDriver has not been tested with Chrome version 100.
abr 01, 2022 3:47:57 P. M. org.openqa.selenium.remote.ProtocolHandshake createSession
INFORMACIÓN: Detected dialect: W3C
[Test worker] WARN net.thucydides.core.steps.BaseStepListener - stepFinished: current outcome:Register a new user:Given set data in fields
| strFirstName | strLastName | strEmailAddress | strCity | strZipCode | strPassword |
| Juan | Jose | minombre123@test.com | Popayán | 190002 | Msa_233**ff22 | [Manuel open up [Manuel opens the Utest page]]
[Test worker] WARN net.thucydides.core.steps.BaseStepListener - stepFinished: current outcome:Register a new user:Given set data in fields
| strFirstName | strLastName | strEmailAddress | strCity | strZipCode | strPassword |
| Juan | Jose | minombre123@test.com | Popayán | 190002 | Msa_233**ff22 | [Manuel open up [Manuel opens the Utest page]]
[Test worker] WARN net.thucydides.core.steps.BaseStepListener - stepStarted: net.thucydides.core.steps.ExecutedStepDescription@1412276c
[Test worker] WARN net.thucydides.core.steps.BaseStepListener - stepStarted: net.thucydides.core.steps.ExecutedStepDescription@5df83b08
[Test worker] WARN net.thucydides.core.steps.BaseStepListener - stepFinished: current outcome:Register a new user:Given set data in fields
| strFirstName | strLastName | strEmailAddress | strCity | strZipCode | strPassword |
| Juan | Jose | minombre123@test.com | Popayán | 190002 | Msa_233**ff22 | [Manuel open up [Manuel opens the Utest page], Manuel register [Manuel clicks on button register]]
[Test worker] WARN net.thucydides.core.steps.BaseStepListener - stepStarted: net.thucydides.core.steps.ExecutedStepDescription@7686d502
[Test worker] WARN net.thucydides.core.steps.BaseStepListener - stepFinished: current outcome:Register a new user:Given set data in fields
| strFirstName | strLastName | strEmailAddress | strCity | strZipCode | strPassword |
| Juan | Jose | minombre123@test.com | Popayán | 190002 | Msa_233**ff22 | [Manuel open up [Manuel opens the Utest page], Manuel register [Manuel clicks on button register, Manuel enters 'Juan' into where do we write the first name]]
[Test worker] WARN net.thucydides.core.steps.BaseStepListener - stepStarted: net.thucydides.core.steps.ExecutedStepDescription@f3c131c
[Test worker] WARN net.thucydides.core.steps.BaseStepListener - stepFinished: current outcome:Register a new user:Given set data in fields
| strFirstName | strLastName | strEmailAddress | strCity | strZipCode | strPassword |
| Juan | Jose | minombre123@test.com | Popayán | 190002 | Msa_233**ff22 | [Manuel open up [Manuel opens the Utest page], Manuel register [Manuel clicks on button register, Manuel enters 'Juan' into where do we write the first name, Manuel enters 'Jose' into where do we write the last name]]
[Test worker] WARN net.thucydides.core.steps.BaseStepListener - stepStarted: net.thucydides.core.steps.ExecutedStepDescription@128588ad
[Test worker] WARN net.thucydides.core.steps.BaseStepListener - stepFinished: current outcome:Register a new user:Given set data in fields
| strFirstName | strLastName | strEmailAddress | strCity | strZipCode | strPassword |
| Juan | Jose | minombre123@test.com | Popayán | 190002 | Msa_233**ff22 | [Manuel open up [Manuel opens the Utest page], Manuel register [Manuel clicks on button register, Manuel enters 'Juan' into where do we write the first name, Manuel enters 'Jose' into where do we write the last name, Manuel enters 'minombre123@test.com' into where do we write the email]]
[Test worker] WARN net.thucydides.core.steps.BaseStepListener - stepStarted: net.thucydides.core.steps.ExecutedStepDescription@2e60f82c
[Test worker] WARN net.thucydides.core.steps.BaseStepListener - stepFinished: current outcome:Register a new user:Given set data in fields
| strFirstName | strLastName | strEmailAddress | strCity | strZipCode | strPassword |
| Juan | Jose | minombre123@test.com | Popayán | 190002 | Msa_233**ff22 | [Manuel open up [Manuel opens the Utest page], Manuel register [Manuel clicks on button register, Manuel enters 'Juan' into where do we write the first name, Manuel enters 'Jose' into where do we write the last name, Manuel enters 'minombre123@test.com' into where do we write the email, Manuel clicks on where do we write the month]]
[Test worker] WARN net.thucydides.core.steps.BaseStepListener - stepStarted: net.thucydides.core.steps.ExecutedStepDescription@24b1cfca
[Test worker] WARN net.thucydides.core.steps.BaseStepListener - stepFinished: current outcome:Register a new user:Given set data in fields
| strFirstName | strLastName | strEmailAddress | strCity | strZipCode | strPassword |
| Juan | Jose | minombre123@test.com | Popayán | 190002 | Msa_233**ff22 | [Manuel open up [Manuel opens the Utest page], Manuel register [Manuel clicks on button register, Manuel enters 'Juan' into where do we write the first name, Manuel enters 'Jose' into where do we write the last name, Manuel enters 'minombre123@test.com' into where do we write the email, Manuel clicks on where do we write the month, Manuel clicks on where do we write the month]]
[Test worker] WARN net.thucydides.core.steps.BaseStepListener - stepStarted: net.thucydides.core.steps.ExecutedStepDescription@6f6090af
[Test worker] WARN net.thucydides.core.steps.BaseStepListener - stepFinished: current outcome:Register a new user:Given set data in fields
| strFirstName | strLastName | strEmailAddress | strCity | strZipCode | strPassword |
| Juan | Jose | minombre123@test.com | Popayán | 190002 | Msa_233**ff22 | [Manuel open up [Manuel opens the Utest page], Manuel register [Manuel clicks on button register, Manuel enters 'Juan' into where do we write the first name, Manuel enters 'Jose' into where do we write the last name, Manuel enters 'minombre123@test.com' into where do we write the email, Manuel clicks on where do we write the month, Manuel clicks on where do we write the month, Manuel clicks on where do we write the day]]
[Test worker] WARN net.thucydides.core.steps.BaseStepListener - stepStarted: net.thucydides.core.steps.ExecutedStepDescription@5abfa098
[Test worker] WARN net.thucydides.core.steps.BaseStepListener - stepFinished: current outcome:Register a new user:Given set data in fields
| strFirstName | strLastName | strEmailAddress | strCity | strZipCode | strPassword |
| Juan | Jose | minombre123@test.com | Popayán | 190002 | Msa_233**ff22 | [Manuel open up [Manuel opens the Utest page], Manuel register [Manuel clicks on button register, Manuel enters 'Juan' into where do we write the first name, Manuel enters 'Jose' into where do we write the last name, Manuel enters 'minombre123@test.com' into where do we write the email, Manuel clicks on where do we write the month, Manuel clicks on where do we write the month, Manuel clicks on where do we write the day, Manuel clicks on where do we write the day]]
[Test worker] WARN net.thucydides.core.steps.BaseStepListener - stepStarted: net.thucydides.core.steps.ExecutedStepDescription@72e21a62
[Test worker] WARN net.thucydides.core.steps.BaseStepListener - stepFinished: current outcome:Register a new user:Given set data in fields
| strFirstName | strLastName | strEmailAddress | strCity | strZipCode | strPassword |
| Juan | Jose | minombre123@test.com | Popayán | 190002 | Msa_233**ff22 | [Manuel open up [Manuel opens the Utest page], Manuel register [Manuel clicks on button register, Manuel enters 'Juan' into where do we write the first name, Manuel enters 'Jose' into where do we write the last name, Manuel enters 'minombre123@test.com' into where do we write the email, Manuel clicks on where do we write the month, Manuel clicks on where do we write the month, Manuel clicks on where do we write the day, Manuel clicks on where do we write the day, Manuel clicks on where do we write the year]]
[Test worker] WARN net.thucydides.core.steps.BaseStepListener - stepStarted: net.thucydides.core.steps.ExecutedStepDescription@2c5f9c84
[Test worker] WARN net.thucydides.core.steps.BaseStepListener - stepFinished: current outcome:Register a new user:Given set data in fields
| strFirstName | strLastName | strEmailAddress | strCity | strZipCode | strPassword |
| Juan | Jose | minombre123@test.com | Popayán | 190002 | Msa_233**ff22 | [Manuel open up [Manuel opens the Utest page], Manuel register [Manuel clicks on button register, Manuel enters 'Juan' into where do we write the first name, Manuel enters 'Jose' into where do we write the last name, Manuel enters 'minombre123@test.com' into where do we write the email, Manuel clicks on where do we write the month, Manuel clicks on where do we write the month, Manuel clicks on where do we write the day, Manuel clicks on where do we write the day, Manuel clicks on where do we write the year, Manuel clicks on where do we write the year]]
[Test worker] WARN net.thucydides.core.steps.BaseStepListener - stepStarted: net.thucydides.core.steps.ExecutedStepDescription@37912a23
[Test worker] WARN net.thucydides.core.steps.BaseStepListener - stepFinished: current outcome:Register a new user:Given set data in fields
| strFirstName | strLastName | strEmailAddress | strCity | strZipCode | strPassword |
| Juan | Jose | minombre123@test.com | Popayán | 190002 | Msa_233**ff22 | [Manuel open up [Manuel opens the Utest page], Manuel register [Manuel clicks on button register, Manuel enters 'Juan' into where do we write the first name, Manuel enters 'Jose' into where do we write the last name, Manuel enters 'minombre123@test.com' into where do we write the email, Manuel clicks on where do we write the month, Manuel clicks on where do we write the month, Manuel clicks on where do we write the day, Manuel clicks on where do we write the day, Manuel clicks on where do we write the year, Manuel clicks on where do we write the year, Manuel clicks on next button]]
[Test worker] WARN net.thucydides.core.steps.BaseStepListener - stepStarted: net.thucydides.core.steps.ExecutedStepDescription@2a7b143d
[Test worker] WARN net.thucydides.core.steps.BaseStepListener - stepFinished: current outcome:Register a new user:Given set data in fields
| strFirstName | strLastName | strEmailAddress | strCity | strZipCode | strPassword |
| Juan | Jose | minombre123@test.com | Popayán | 190002 | Msa_233**ff22 | [Manuel open up [Manuel opens the Utest page], Manuel register [Manuel clicks on button register, Manuel enters 'Juan' into where do we write the first name, Manuel enters 'Jose' into where do we write the last name, Manuel enters 'minombre123@test.com' into where do we write the email, Manuel clicks on where do we write the month, Manuel clicks on where do we write the month, Manuel clicks on where do we write the day, Manuel clicks on where do we write the day, Manuel clicks on where do we write the year, Manuel clicks on where do we write the year, Manuel clicks on next button, Manuel enters 'Popayán' into where do we write the city]]
[Test worker] WARN net.thucydides.core.steps.BaseStepListener - stepStarted: net.thucydides.core.steps.ExecutedStepDescription@18a234ba
[Test worker] WARN net.thucydides.core.steps.BaseStepListener - stepFinished: current outcome:Register a new user:Given set data in fields
| strFirstName | strLastName | strEmailAddress | strCity | strZipCode | strPassword |
| Juan | Jose | minombre123@test.com | Popayán | 190002 | Msa_233**ff22 | [Manuel open up [Manuel opens the Utest page], Manuel register [Manuel clicks on button register, Manuel enters 'Juan' into where do we write the first name, Manuel enters 'Jose' into where do we write the last name, Manuel enters 'minombre123@test.com' into where do we write the email, Manuel clicks on where do we write the month, Manuel clicks on where do we write the month, Manuel clicks on where do we write the day, Manuel clicks on where do we write the day, Manuel clicks on where do we write the year, Manuel clicks on where do we write the year, Manuel clicks on next button, Manuel enters 'Popayán' into where do we write the city, Manuel enters '190002' into where do we write the zip code]]
[Test worker] WARN net.thucydides.core.steps.BaseStepListener - stepStarted: net.thucydides.core.steps.ExecutedStepDescription@600d888b
[Test worker] WARN net.thucydides.core.steps.BaseStepListener - stepFinished: current outcome:Register a new user:Given set data in fields
| strFirstName | strLastName | strEmailAddress | strCity | strZipCode | strPassword |
| Juan | Jose | minombre123@test.com | Popayán | 190002 | Msa_233**ff22 | [Manuel open up [Manuel opens the Utest page], Manuel register [Manuel clicks on button register, Manuel enters 'Juan' into where do we write the first name, Manuel enters 'Jose' into where do we write the last name, Manuel enters 'minombre123@test.com' into where do we write the email, Manuel clicks on where do we write the month, Manuel clicks on where do we write the month, Manuel clicks on where do we write the day, Manuel clicks on where do we write the day, Manuel clicks on where do we write the year, Manuel clicks on where do we write the year, Manuel clicks on next button, Manuel enters 'Popayán' into where do we write the city, Manuel enters '190002' into where do we write the zip code, Manuel clicks on next button]]
[Test worker] WARN net.thucydides.core.steps.BaseStepListener - stepStarted: net.thucydides.core.steps.ExecutedStepDescription@32d3518b
[Test worker] WARN net.thucydides.core.steps.BaseStepListener - testFinished: Register a new user:Given set data in fields
| strFirstName | strLastName | strEmailAddress | strCity | strZipCode | strPassword |
| Juan | Jose | minombre123@test.com | Popayán | 190002 | Msa_233**ff22 | [Manuel open up [Manuel opens the Utest page], Manuel register [Manuel clicks on button register, Manuel enters 'Juan' into where do we write the first name, Manuel enters 'Jose' into where do we write the last name, Manuel enters 'minombre123@test.com' into where do we write the email, Manuel clicks on where do we write the month, Manuel clicks on where do we write the month, Manuel clicks on where do we write the day, Manuel clicks on where do we write the day, Manuel clicks on where do we write the year, Manuel clicks on where do we write the year, Manuel clicks on next button, Manuel enters 'Popayán' into where do we write the city, Manuel enters '190002' into where do we write the zip code, Manuel clicks on next button, Manuel clicks on Open SO]]
[Test worker] WARN net.thucydides.core.steps.BaseStepListener - TestOutcomes: [Register a new user:Given set data in fields
| strFirstName | strLastName | strEmailAddress | strCity | strZipCode | strPassword |
| Juan | Jose | minombre123@test.com | Popayán | 190002 | Msa_233**ff22 | [Manuel open up [Manuel opens the Utest page], Manuel register [Manuel clicks on button register, Manuel enters 'Juan' into where do we write the first name, Manuel enters 'Jose' into where do we write the last name, Manuel enters 'minombre123@test.com' into where do we write the email, Manuel clicks on where do we write the month, Manuel clicks on where do we write the month, Manuel clicks on where do we write the day, Manuel clicks on where do we write the day, Manuel clicks on where do we write the year, Manuel clicks on where do we write the year, Manuel clicks on next button, Manuel enters 'Popayán' into where do we write the city, Manuel enters '190002' into where do we write the zip code, Manuel clicks on next button, Manuel clicks on Open SO]]]
[Test worker] WARN net.thucydides.core.steps.BaseStepListener - Final testOutcomes: [Register a new user:Given set data in fields
| strFirstName | strLastName | strEmailAddress | strCity | strZipCode | strPassword |
| Juan | Jose | minombre123@test.com | Popayán | 190002 | Msa_233**ff22 | [Manuel open up [Manuel opens the Utest page], Manuel register [Manuel clicks on button register, Manuel enters 'Juan' into where do we write the first name, Manuel enters 'Jose' into where do we write the last name, Manuel enters 'minombre123@test.com' into where do we write the email, Manuel clicks on where do we write the month, Manuel clicks on where do we write the month, Manuel clicks on where do we write the day, Manuel clicks on where do we write the day, Manuel clicks on where do we write the year, Manuel clicks on where do we write the year, Manuel clicks on next button, Manuel enters 'Popayán' into where do we write the city, Manuel enters '190002' into where do we write the zip code, Manuel clicks on next button, Manuel clicks on Open SO]]]
[Test worker] ERROR net.thucydides.core.steps.ConsoleLoggingListener - 
           __  _____ _____ ____ _____   _____ _    ___ _     _____ ____  
  _       / / |_   _| ____/ ___|_   _| |  ___/ \  |_ _| |   | ____|  _ \ 
 (_)_____| |    | | |  _| \___ \ | |   | |_ / _ \  | || |   |  _| | | | |
  _|_____| |    | | | |___ ___) || |   |  _/ ___ \ | || |___| |___| |_| |
 (_)     | |    |_| |_____|____/ |_|   |_|/_/   \_\___|_____|_____|____/ 
          \_\                                                            

TEST FAILED WITH ERROR: Register a new user
---------------------------------------------------------------------
[Test worker] ERROR net.thucydides.core.steps.ConsoleLoggingListener - TEST FAILED AT STEP Manuel clicks on Open SO
[Test worker] ERROR net.thucydides.core.steps.ConsoleLoggingListener - element not interactable
]]></system-err>
</testsuite>
