{"name":"Login the user","id":"utest;login-the-user","testSteps":[{"number":1,"description":"Given than manuel wants to learn automation at the utest\n| strUsername | strPassword |\n| lidevo6408@procowork.com | Msa_233**ff22* |","duration":10669,"startTime":"2022-03-31T16:23:11.069159-05:00[America/Bogota]","screenshots":[{"screenshot":"2c8106bd164e6671d28988670f47269f805e7ecfc6862b420603e8bb601e7cef.png","timeStamp":1648761801738}],"result":"SUCCESS","precondition":false,"level":0,"lineNumber":0,"children":[{"number":2,"description":"Manuel open up","duration":6509,"startTime":"2022-03-31T16:23:11.622974-05:00[America/Bogota]","screenshots":[{"screenshot":"c9ce1031ac6e04fd9402d9d1d5b770e851d8d12a0a17913c70c2a00330f7ed0c.png","timeStamp":1648761798132}],"result":"SUCCESS","precondition":false,"level":1,"lineNumber":0,"children":[{"number":3,"description":"Manuel opens the Utest page","duration":6481,"startTime":"2022-03-31T16:23:11.640057-05:00[America/Bogota]","screenshots":[{"screenshot":"c9ce1031ac6e04fd9402d9d1d5b770e851d8d12a0a17913c70c2a00330f7ed0c.png","timeStamp":1648761798120}],"result":"SUCCESS","precondition":false,"level":2,"lineNumber":0}]},{"number":4,"description":"Manuel login","duration":3598,"startTime":"2022-03-31T16:23:18.134233-05:00[America/Bogota]","screenshots":[{"screenshot":"2c8106bd164e6671d28988670f47269f805e7ecfc6862b420603e8bb601e7cef.png","timeStamp":1648761801732}],"result":"SUCCESS","precondition":false,"level":1,"lineNumber":0,"children":[{"number":5,"description":"Manuel clicks on button that show us the form to login","duration":1394,"startTime":"2022-03-31T16:23:18.158811-05:00[America/Bogota]","screenshots":[{"screenshot":"d40cc3e84549429a0e192159f641a1695fc6700dcebea91ec2d9fcfe93307b0e.png","timeStamp":1648761799552}],"result":"SUCCESS","precondition":false,"level":2,"lineNumber":0},{"number":6,"description":"Manuel enters \u0027lidevo6408@procowork.com\u0027 into where do we write the user","duration":744,"startTime":"2022-03-31T16:23:19.554724-05:00[America/Bogota]","screenshots":[{"screenshot":"965ecf84d77981b6cc662f021d089259f637ae85e1d587ab579e4a7fc997ae22.png","timeStamp":1648761800299}],"result":"SUCCESS","precondition":false,"level":2,"lineNumber":0},{"number":7,"description":"Manuel enters \u0027Msa_233**ff22*\u0027 into where do we write the password","duration":664,"startTime":"2022-03-31T16:23:20.301322-05:00[America/Bogota]","screenshots":[{"screenshot":"8b96b5dfb675077557d9c4b679c9dcfcea17d1b361fa7e8c20659b9d099331d3.png","timeStamp":1648761800965}],"result":"SUCCESS","precondition":false,"level":2,"lineNumber":0},{"number":8,"description":"Manuel clicks on button to confirm login","duration":759,"startTime":"2022-03-31T16:23:20.967008-05:00[America/Bogota]","screenshots":[{"screenshot":"2c8106bd164e6671d28988670f47269f805e7ecfc6862b420603e8bb601e7cef.png","timeStamp":1648761801726}],"result":"SUCCESS","precondition":false,"level":2,"lineNumber":0}]}]},{"number":9,"description":"When he finds the coursed called utest","duration":5,"startTime":"2022-03-31T16:23:21.739726-05:00[America/Bogota]","screenshots":[{"screenshot":"2c8106bd164e6671d28988670f47269f805e7ecfc6862b420603e8bb601e7cef.png","timeStamp":1648761801745}],"result":"SUCCESS","precondition":false,"level":0,"lineNumber":0},{"number":10,"description":"Then the user Logout with their credentials","duration":10547,"startTime":"2022-03-31T16:23:21.746862-05:00[America/Bogota]","exception":{"errorType":"net.thucydides.core.webdriver.exceptions.ElementShouldBeEnabledException","message":"Expected enabled element was not enabled","stackTrace":[{"classLoaderName":"app","declaringClass":"co.com.choucair.certification.utest.tasks.LogOut","methodName":"performAs","fileName":"LogOut.java","lineNumber":16,"format":1},{"classLoaderName":"app","declaringClass":"co.com.choucair.certification.utest.stepdefinitions.UtestStepDefinitions","methodName":"theUserLogoutWithTheirCredentials","fileName":"UtestStepDefinitions.java","lineNumber":40,"format":1},{"classLoaderName":"app","declaringClass":"cucumber.runner.Runner","methodName":"runPickle","fileName":"Runner.java","lineNumber":80,"format":1}],"rootCause":{"errorType":"org.openqa.selenium.TimeoutException","message":"Expected condition failed: waiting for By.xpath: //i[contains(text(),\u0027expand_more\u0027)] to be enabled (tried for 5 second(s) with 100 milliseconds interval)","stackTrace":[{"classLoaderName":"app","declaringClass":"co.com.choucair.certification.utest.tasks.LogOut","methodName":"performAs","fileName":"LogOut.java","lineNumber":16,"format":1},{"classLoaderName":"app","declaringClass":"co.com.choucair.certification.utest.stepdefinitions.UtestStepDefinitions","methodName":"theUserLogoutWithTheirCredentials","fileName":"UtestStepDefinitions.java","lineNumber":40,"format":1},{"classLoaderName":"app","declaringClass":"cucumber.runner.Runner","methodName":"runPickle","fileName":"Runner.java","lineNumber":80,"format":1}],"rootCause":{"errorType":"org.openqa.selenium.NoSuchElementException","message":"no such element: Unable to locate element: {\"method\":\"xpath\",\"selector\":\"//i[contains(text(),\u0027expand_more\u0027)]\"}\n  (Session info: chrome\u003d99.0.4844.82)\nFor documentation on this error, please visit: https://www.seleniumhq.org/exceptions/no_such_element.html\nBuild info: version: \u00273.141.59\u0027, revision: \u0027e82be7d358\u0027, time: \u00272018-11-14T08:17:03\u0027\nSystem info: host: \u0027manuel\u0027, ip: \u0027127.0.1.1\u0027, os.name: \u0027Linux\u0027, os.arch: \u0027amd64\u0027, os.version: \u00275.13.0-37-generic\u0027, java.version: \u002711.0.14.1\u0027\nDriver info: org.openqa.selenium.chrome.ChromeDriver\nCapabilities {acceptInsecureCerts: false, browserName: chrome, browserVersion: 99.0.4844.82, chrome: {chromedriverVersion: 99.0.4844.51 (d537ec02474b5..., userDataDir: /tmp/.com.google.Chrome.tDUiFQ}, goog:chromeOptions: {debuggerAddress: localhost:41515}, javascriptEnabled: true, networkConnectionEnabled: false, pageLoadStrategy: normal, platform: LINUX, platformName: LINUX, proxy: Proxy(), setWindowRect: true, strictFileInteractability: false, timeouts: {implicit: 0, pageLoad: 300000, script: 30000}, unhandledPromptBehavior: dismiss and notify, webauthn:extension:credBlob: true, webauthn:extension:largeBlob: true, webauthn:virtualAuthenticators: true}\nSession ID: d82c61b2476e00cd535d8d280ea442aa\n*** Element info: {Using\u003dxpath, value\u003d//i[contains(text(),\u0027expand_more\u0027)]}","stackTrace":[{"classLoaderName":"app","declaringClass":"co.com.choucair.certification.utest.tasks.LogOut","methodName":"performAs","fileName":"LogOut.java","lineNumber":16,"format":1},{"classLoaderName":"app","declaringClass":"co.com.choucair.certification.utest.stepdefinitions.UtestStepDefinitions","methodName":"theUserLogoutWithTheirCredentials","fileName":"UtestStepDefinitions.java","lineNumber":40,"format":1},{"classLoaderName":"app","declaringClass":"cucumber.runner.Runner","methodName":"runPickle","fileName":"Runner.java","lineNumber":80,"format":1}]}}},"result":"FAILURE","precondition":false,"level":0,"lineNumber":0,"children":[{"number":11,"description":"Manuel log out","duration":10532,"startTime":"2022-03-31T16:23:21.752784-05:00[America/Bogota]","exception":{"errorType":"net.thucydides.core.webdriver.exceptions.ElementShouldBeEnabledException","message":"Expected enabled element was not enabled","stackTrace":[{"classLoaderName":"app","declaringClass":"co.com.choucair.certification.utest.tasks.LogOut","methodName":"performAs","fileName":"LogOut.java","lineNumber":16,"format":1},{"classLoaderName":"app","declaringClass":"co.com.choucair.certification.utest.stepdefinitions.UtestStepDefinitions","methodName":"theUserLogoutWithTheirCredentials","fileName":"UtestStepDefinitions.java","lineNumber":40,"format":1},{"classLoaderName":"app","declaringClass":"cucumber.runner.Runner","methodName":"runPickle","fileName":"Runner.java","lineNumber":80,"format":1}],"rootCause":{"errorType":"org.openqa.selenium.TimeoutException","message":"Expected condition failed: waiting for By.xpath: //i[contains(text(),\u0027expand_more\u0027)] to be enabled (tried for 5 second(s) with 100 milliseconds interval)","stackTrace":[{"classLoaderName":"app","declaringClass":"co.com.choucair.certification.utest.tasks.LogOut","methodName":"performAs","fileName":"LogOut.java","lineNumber":16,"format":1},{"classLoaderName":"app","declaringClass":"co.com.choucair.certification.utest.stepdefinitions.UtestStepDefinitions","methodName":"theUserLogoutWithTheirCredentials","fileName":"UtestStepDefinitions.java","lineNumber":40,"format":1},{"classLoaderName":"app","declaringClass":"cucumber.runner.Runner","methodName":"runPickle","fileName":"Runner.java","lineNumber":80,"format":1}],"rootCause":{"errorType":"org.openqa.selenium.NoSuchElementException","message":"no such element: Unable to locate element: {\"method\":\"xpath\",\"selector\":\"//i[contains(text(),\u0027expand_more\u0027)]\"}\n  (Session info: chrome\u003d99.0.4844.82)\nFor documentation on this error, please visit: https://www.seleniumhq.org/exceptions/no_such_element.html\nBuild info: version: \u00273.141.59\u0027, revision: \u0027e82be7d358\u0027, time: \u00272018-11-14T08:17:03\u0027\nSystem info: host: \u0027manuel\u0027, ip: \u0027127.0.1.1\u0027, os.name: \u0027Linux\u0027, os.arch: \u0027amd64\u0027, os.version: \u00275.13.0-37-generic\u0027, java.version: \u002711.0.14.1\u0027\nDriver info: org.openqa.selenium.chrome.ChromeDriver\nCapabilities {acceptInsecureCerts: false, browserName: chrome, browserVersion: 99.0.4844.82, chrome: {chromedriverVersion: 99.0.4844.51 (d537ec02474b5..., userDataDir: /tmp/.com.google.Chrome.tDUiFQ}, goog:chromeOptions: {debuggerAddress: localhost:41515}, javascriptEnabled: true, networkConnectionEnabled: false, pageLoadStrategy: normal, platform: LINUX, platformName: LINUX, proxy: Proxy(), setWindowRect: true, strictFileInteractability: false, timeouts: {implicit: 0, pageLoad: 300000, script: 30000}, unhandledPromptBehavior: dismiss and notify, webauthn:extension:credBlob: true, webauthn:extension:largeBlob: true, webauthn:virtualAuthenticators: true}\nSession ID: d82c61b2476e00cd535d8d280ea442aa\n*** Element info: {Using\u003dxpath, value\u003d//i[contains(text(),\u0027expand_more\u0027)]}","stackTrace":[{"classLoaderName":"app","declaringClass":"co.com.choucair.certification.utest.tasks.LogOut","methodName":"performAs","fileName":"LogOut.java","lineNumber":16,"format":1},{"classLoaderName":"app","declaringClass":"co.com.choucair.certification.utest.stepdefinitions.UtestStepDefinitions","methodName":"theUserLogoutWithTheirCredentials","fileName":"UtestStepDefinitions.java","lineNumber":40,"format":1},{"classLoaderName":"app","declaringClass":"cucumber.runner.Runner","methodName":"runPickle","fileName":"Runner.java","lineNumber":80,"format":1}]}}},"result":"FAILURE","precondition":false,"level":1,"lineNumber":0,"children":[{"number":12,"description":"Manuel clicks on expand button","duration":10512,"startTime":"2022-03-31T16:23:21.761235-05:00[America/Bogota]","screenshots":[{"screenshot":"2c8106bd164e6671d28988670f47269f805e7ecfc6862b420603e8bb601e7cef.png","htmlSource":"pagesource17675901184367934073.html.txt","timeStamp":1648761812266}],"exception":{"errorType":"net.thucydides.core.webdriver.exceptions.ElementShouldBeEnabledException","message":"Expected enabled element was not enabled","stackTrace":[{"classLoaderName":"app","declaringClass":"co.com.choucair.certification.utest.tasks.LogOut","methodName":"performAs","fileName":"LogOut.java","lineNumber":16,"format":1},{"classLoaderName":"app","declaringClass":"co.com.choucair.certification.utest.stepdefinitions.UtestStepDefinitions","methodName":"theUserLogoutWithTheirCredentials","fileName":"UtestStepDefinitions.java","lineNumber":40,"format":1},{"classLoaderName":"app","declaringClass":"cucumber.runner.Runner","methodName":"runPickle","fileName":"Runner.java","lineNumber":80,"format":1}],"rootCause":{"errorType":"org.openqa.selenium.TimeoutException","message":"Expected condition failed: waiting for By.xpath: //i[contains(text(),\u0027expand_more\u0027)] to be enabled (tried for 5 second(s) with 100 milliseconds interval)","stackTrace":[{"classLoaderName":"app","declaringClass":"co.com.choucair.certification.utest.tasks.LogOut","methodName":"performAs","fileName":"LogOut.java","lineNumber":16,"format":1},{"classLoaderName":"app","declaringClass":"co.com.choucair.certification.utest.stepdefinitions.UtestStepDefinitions","methodName":"theUserLogoutWithTheirCredentials","fileName":"UtestStepDefinitions.java","lineNumber":40,"format":1},{"classLoaderName":"app","declaringClass":"cucumber.runner.Runner","methodName":"runPickle","fileName":"Runner.java","lineNumber":80,"format":1}],"rootCause":{"errorType":"org.openqa.selenium.NoSuchElementException","message":"no such element: Unable to locate element: {\"method\":\"xpath\",\"selector\":\"//i[contains(text(),\u0027expand_more\u0027)]\"}\n  (Session info: chrome\u003d99.0.4844.82)\nFor documentation on this error, please visit: https://www.seleniumhq.org/exceptions/no_such_element.html\nBuild info: version: \u00273.141.59\u0027, revision: \u0027e82be7d358\u0027, time: \u00272018-11-14T08:17:03\u0027\nSystem info: host: \u0027manuel\u0027, ip: \u0027127.0.1.1\u0027, os.name: \u0027Linux\u0027, os.arch: \u0027amd64\u0027, os.version: \u00275.13.0-37-generic\u0027, java.version: \u002711.0.14.1\u0027\nDriver info: org.openqa.selenium.chrome.ChromeDriver\nCapabilities {acceptInsecureCerts: false, browserName: chrome, browserVersion: 99.0.4844.82, chrome: {chromedriverVersion: 99.0.4844.51 (d537ec02474b5..., userDataDir: /tmp/.com.google.Chrome.tDUiFQ}, goog:chromeOptions: {debuggerAddress: localhost:41515}, javascriptEnabled: true, networkConnectionEnabled: false, pageLoadStrategy: normal, platform: LINUX, platformName: LINUX, proxy: Proxy(), setWindowRect: true, strictFileInteractability: false, timeouts: {implicit: 0, pageLoad: 300000, script: 30000}, unhandledPromptBehavior: dismiss and notify, webauthn:extension:credBlob: true, webauthn:extension:largeBlob: true, webauthn:virtualAuthenticators: true}\nSession ID: d82c61b2476e00cd535d8d280ea442aa\n*** Element info: {Using\u003dxpath, value\u003d//i[contains(text(),\u0027expand_more\u0027)]}","stackTrace":[{"classLoaderName":"app","declaringClass":"co.com.choucair.certification.utest.tasks.LogOut","methodName":"performAs","fileName":"LogOut.java","lineNumber":16,"format":1},{"classLoaderName":"app","declaringClass":"co.com.choucair.certification.utest.stepdefinitions.UtestStepDefinitions","methodName":"theUserLogoutWithTheirCredentials","fileName":"UtestStepDefinitions.java","lineNumber":40,"format":1},{"classLoaderName":"app","declaringClass":"cucumber.runner.Runner","methodName":"runPickle","fileName":"Runner.java","lineNumber":80,"format":1}]}}},"result":"FAILURE","precondition":false,"level":2,"lineNumber":0}]}]}],"userStory":{"id":"utest","storyName":"Utest","path":"utest.feature","narrative":"  As a user, I want to learn how to automate in screamplay at Utest page practice","type":"feature"},"featureTag":{"name":"Utest","type":"feature","displayName":"Utest"},"title":"Login the user","tags":[{"name":"scenario1","type":"tag","displayName":"scenario1"},{"name":"Utest","type":"feature","displayName":"Utest"},{"name":"stories","type":"tag","displayName":"stories"}],"startTime":"2022-03-31T16:23:10.940483-05:00[America/Bogota]","duration":21372,"testFailureCause":{"errorType":"net.thucydides.core.webdriver.exceptions.ElementShouldBeEnabledException","message":"Expected enabled element was not enabled","stackTrace":[{"classLoaderName":"app","declaringClass":"co.com.choucair.certification.utest.tasks.LogOut","methodName":"performAs","fileName":"LogOut.java","lineNumber":16,"format":1},{"classLoaderName":"app","declaringClass":"co.com.choucair.certification.utest.stepdefinitions.UtestStepDefinitions","methodName":"theUserLogoutWithTheirCredentials","fileName":"UtestStepDefinitions.java","lineNumber":40,"format":1},{"classLoaderName":"app","declaringClass":"cucumber.runner.Runner","methodName":"runPickle","fileName":"Runner.java","lineNumber":80,"format":1}],"rootCause":{"errorType":"org.openqa.selenium.TimeoutException","message":"Expected condition failed: waiting for By.xpath: //i[contains(text(),\u0027expand_more\u0027)] to be enabled (tried for 5 second(s) with 100 milliseconds interval)","stackTrace":[{"classLoaderName":"app","declaringClass":"co.com.choucair.certification.utest.tasks.LogOut","methodName":"performAs","fileName":"LogOut.java","lineNumber":16,"format":1},{"classLoaderName":"app","declaringClass":"co.com.choucair.certification.utest.stepdefinitions.UtestStepDefinitions","methodName":"theUserLogoutWithTheirCredentials","fileName":"UtestStepDefinitions.java","lineNumber":40,"format":1},{"classLoaderName":"app","declaringClass":"cucumber.runner.Runner","methodName":"runPickle","fileName":"Runner.java","lineNumber":80,"format":1}],"rootCause":{"errorType":"org.openqa.selenium.NoSuchElementException","message":"no such element: Unable to locate element: {\"method\":\"xpath\",\"selector\":\"//i[contains(text(),\u0027expand_more\u0027)]\"}\n  (Session info: chrome\u003d99.0.4844.82)\nFor documentation on this error, please visit: https://www.seleniumhq.org/exceptions/no_such_element.html\nBuild info: version: \u00273.141.59\u0027, revision: \u0027e82be7d358\u0027, time: \u00272018-11-14T08:17:03\u0027\nSystem info: host: \u0027manuel\u0027, ip: \u0027127.0.1.1\u0027, os.name: \u0027Linux\u0027, os.arch: \u0027amd64\u0027, os.version: \u00275.13.0-37-generic\u0027, java.version: \u002711.0.14.1\u0027\nDriver info: org.openqa.selenium.chrome.ChromeDriver\nCapabilities {acceptInsecureCerts: false, browserName: chrome, browserVersion: 99.0.4844.82, chrome: {chromedriverVersion: 99.0.4844.51 (d537ec02474b5..., userDataDir: /tmp/.com.google.Chrome.tDUiFQ}, goog:chromeOptions: {debuggerAddress: localhost:41515}, javascriptEnabled: true, networkConnectionEnabled: false, pageLoadStrategy: normal, platform: LINUX, platformName: LINUX, proxy: Proxy(), setWindowRect: true, strictFileInteractability: false, timeouts: {implicit: 0, pageLoad: 300000, script: 30000}, unhandledPromptBehavior: dismiss and notify, webauthn:extension:credBlob: true, webauthn:extension:largeBlob: true, webauthn:virtualAuthenticators: true}\nSession ID: d82c61b2476e00cd535d8d280ea442aa\n*** Element info: {Using\u003dxpath, value\u003d//i[contains(text(),\u0027expand_more\u0027)]}","stackTrace":[{"classLoaderName":"app","declaringClass":"co.com.choucair.certification.utest.tasks.LogOut","methodName":"performAs","fileName":"LogOut.java","lineNumber":16,"format":1},{"classLoaderName":"app","declaringClass":"co.com.choucair.certification.utest.stepdefinitions.UtestStepDefinitions","methodName":"theUserLogoutWithTheirCredentials","fileName":"UtestStepDefinitions.java","lineNumber":40,"format":1},{"classLoaderName":"app","declaringClass":"cucumber.runner.Runner","methodName":"runPickle","fileName":"Runner.java","lineNumber":80,"format":1}]}}},"testFailureClassname":"net.thucydides.core.webdriver.exceptions.ElementShouldBeEnabledException","testFailureMessage":"Expected enabled element was not enabled","testFailureSummary":"FAILURE;net.thucydides.core.webdriver.exceptions.ElementShouldBeEnabledException;Expected enabled element was not enabled;LogOut.java","projectKey":"","annotatedResult":"FAILURE","sessionId":"d82c61b2476e00cd535d8d280ea442aa","driver":"chrome:manuel","isManualTestingUpToDate":false,"manual":false,"testSource":"Cucumber","actors":[{"name":"Manuel","can":["browse the web"]}],"result":"FAILURE"}