<?xml version="1.0" encoding="UTF-8"?><testsuite errors="1" failures="1" name="Utest" skipped="0" tests="2" time="27.06" timestamp="2022-03-31 04:23:10"><testcase name="Login the user"><failure message="Expected enabled element was not enabled" type="net.thucydides.core.webdriver.exceptions.ElementShouldBeEnabledException">Expected enabled element was not enabled</failure><system-err>Expected enabled element was not enabled
co.com.choucair.certification.utest.tasks.LogOut.performAs(LogOut.java:16)
co.com.choucair.certification.utest.stepdefinitions.UtestStepDefinitions.theUserLogoutWithTheirCredentials(UtestStepDefinitions.java:40)
cucumber.runner.Runner.runPickle(Runner.java:80)
</system-err></testcase><testcase name="Register a new user"><error message="The following error occurred: chrome not reachable&#10;  (Session info: chrome=99.0.4844.82)&#10;Build info: version: '3.141.59', revision: 'e82be7d358', time: '2018-11-14T08:17:03'&#10;System info: host: 'manuel', ip: '127.0.1.1', os.name: 'Linux', os.arch: 'amd64', os.version: '5.13.0-37-generic', java.version: '11.0.14.1'&#10;Driver info: org.openqa.selenium.chrome.ChromeDriver&#10;Capabilities {acceptInsecureCerts: false, browserName: chrome, browserVersion: 99.0.4844.82, chrome: {chromedriverVersion: 99.0.4844.51 (d537ec02474b5..., userDataDir: /tmp/.com.google.Chrome.ofP6dj}, goog:chromeOptions: {debuggerAddress: localhost:37631}, javascriptEnabled: true, networkConnectionEnabled: false, pageLoadStrategy: normal, platform: LINUX, platformName: LINUX, proxy: Proxy(), setWindowRect: true, strictFileInteractability: false, timeouts: {implicit: 0, pageLoad: 300000, script: 30000}, unhandledPromptBehavior: dismiss and notify, webauthn:extension:credBlob: true, webauthn:extension:largeBlob: true, webauthn:virtualAuthenticators: true}&#10;Session ID: f96bf26168c9a63579e9e94f7823c10f&#10;*** Element info: {Using=xpath, value=//a[contains(text(), 'Join Today')]}" type="org.openqa.selenium.WebDriverException">The following error occurred: chrome not reachable
  (Session info: chrome=99.0.4844.82)
Build info: version: '3.141.59', revision: 'e82be7d358', time: '2018-11-14T08:17:03'
System info: host: 'manuel', ip: '127.0.1.1', os.name: 'Linux', os.arch: 'amd64', os.version: '5.13.0-37-generic', java.version: '11.0.14.1'
Driver info: org.openqa.selenium.chrome.ChromeDriver
Capabilities {acceptInsecureCerts: false, browserName: chrome, browserVersion: 99.0.4844.82, chrome: {chromedriverVersion: 99.0.4844.51 (d537ec02474b5..., userDataDir: /tmp/.com.google.Chrome.ofP6dj}, goog:chromeOptions: {debuggerAddress: localhost:37631}, javascriptEnabled: true, networkConnectionEnabled: false, pageLoadStrategy: normal, platform: LINUX, platformName: LINUX, proxy: Proxy(), setWindowRect: true, strictFileInteractability: false, timeouts: {implicit: 0, pageLoad: 300000, script: 30000}, unhandledPromptBehavior: dismiss and notify, webauthn:extension:credBlob: true, webauthn:extension:largeBlob: true, webauthn:virtualAuthenticators: true}
Session ID: f96bf26168c9a63579e9e94f7823c10f
*** Element info: {Using=xpath, value=//a[contains(text(), 'Join Today')]}</error><system-err>The following error occurred: chrome not reachable
  (Session info: chrome=99.0.4844.82)
Build info: version: '3.141.59', revision: 'e82be7d358', time: '2018-11-14T08:17:03'
System info: host: 'manuel', ip: '127.0.1.1', os.name: 'Linux', os.arch: 'amd64', os.version: '5.13.0-37-generic', java.version: '11.0.14.1'
Driver info: org.openqa.selenium.chrome.ChromeDriver
Capabilities {acceptInsecureCerts: false, browserName: chrome, browserVersion: 99.0.4844.82, chrome: {chromedriverVersion: 99.0.4844.51 (d537ec02474b5..., userDataDir: /tmp/.com.google.Chrome.ofP6dj}, goog:chromeOptions: {debuggerAddress: localhost:37631}, javascriptEnabled: true, networkConnectionEnabled: false, pageLoadStrategy: normal, platform: LINUX, platformName: LINUX, proxy: Proxy(), setWindowRect: true, strictFileInteractability: false, timeouts: {implicit: 0, pageLoad: 300000, script: 30000}, unhandledPromptBehavior: dismiss and notify, webauthn:extension:credBlob: true, webauthn:extension:largeBlob: true, webauthn:virtualAuthenticators: true}
Session ID: f96bf26168c9a63579e9e94f7823c10f
*** Element info: {Using=xpath, value=//a[contains(text(), 'Join Today')]}
co.com.choucair.certification.utest.tasks.Register.performAs(Register.java:36)
co.com.choucair.certification.utest.stepdefinitions.UtestStepDefinitions.setDataInFields(UtestStepDefinitions.java:45)
cucumber.runner.Runner.runPickle(Runner.java:80)
</system-err></testcase></testsuite>